app/build/intermediates/manifest_merge_blame_file/debug/manifest-merger-blame-debug-report.txt
1<?xml version="1.0" encoding="utf-8"?>
2<manifest xmlns:android="http://schemas.android.com/apk/res/android"
3    package="sicae.oise.ceos"
4    android:versionCode="1"
5    android:versionName="1.0" >
6
7    <uses-sdk
8        android:minSdkVersion="28"
8-->src\main\AndroidManifest.xml
9        android:targetSdkVersion="30" />
9-->src\main\AndroidManifest.xml
10
11    <uses-permission android:name="android.permission.WRITE_EXTERNAL_STORAGE" />
11-->src\main\AndroidManifest.xml:5:5-80
11-->src\main\AndroidManifest.xml:5:22-78
12    <uses-permission android:name="android.permission.READ_EXTERNAL_STORAGE" />
12-->src\main\AndroidManifest.xml:6:5-79
12-->src\main\AndroidManifest.xml:6:22-77
13
14    <!-- Include required permissions for Google Maps API to run. -->
15    <uses-permission android:name="android.permission.ACCESS_NETWORK_STATE" />
15-->[com.google.android.gms:play-services-maps:17.0.0] AndroidManifest.xml:23:5-79
15-->[com.google.android.gms:play-services-maps:17.0.0] AndroidManifest.xml:23:22-76
16    <uses-permission android:name="android.permission.INTERNET" />
16-->[com.google.android.gms:play-services-maps:17.0.0] AndroidManifest.xml:24:5-67
16-->[com.google.android.gms:play-services-maps:17.0.0] AndroidManifest.xml:24:22-64
17
18    <uses-feature
18-->[com.google.android.gms:play-services-maps:17.0.0] AndroidManifest.xml:26:5-28:35
19        android:glEsVersion="0x00020000"
19-->[com.google.android.gms:play-services-maps:17.0.0] AndroidManifest.xml:27:9-41
20        android:required="true" />
20-->[com.google.android.gms:play-services-maps:17.0.0] AndroidManifest.xml:28:9-32
21
22    <application
22-->src\main\AndroidManifest.xml:8:5-22:19
23        android:allowBackup="true"
23-->src\main\AndroidManifest.xml:9:9-35
24        android:appComponentFactory="androidx.core.app.CoreComponentFactory"
24-->[androidx.core:core:1.3.2] AndroidManifest.xml:24:18-86
25        android:debuggable="true"
26        android:extractNativeLibs="false"
27        android:icon="@mipmap/ceos_app_ico"
27-->src\main\AndroidManifest.xml:10:9-44
28        android:label="@string/app_name"
28-->src\main\AndroidManifest.xml:11:9-41
29        android:roundIcon="@mipmap/ceos_app_ico_round"
29-->src\main\AndroidManifest.xml:12:9-55
30        android:supportsRtl="true"
30-->src\main\AndroidManifest.xml:13:9-35
31        android:testOnly="true"
32        android:theme="@style/Theme.Ceos" >
32-->src\main\AndroidManifest.xml:14:9-42
33        <activity
33-->src\main\AndroidManifest.xml:15:9-87
34            android:name="sicae.oise.ceos.Formulaire"
34-->src\main\AndroidManifest.xml:15:19-45
35            android:windowSoftInputMode="adjustPan" />
35-->src\main\AndroidManifest.xml:15:46-85
36        <activity android:name="sicae.oise.ceos.MainActivity" >
36-->src\main\AndroidManifest.xml:16:9-21:20
36-->src\main\AndroidManifest.xml:16:19-47
37            <intent-filter>
37-->src\main\AndroidManifest.xml:17:13-20:29
38                <action android:name="android.intent.action.MAIN" />
38-->src\main\AndroidManifest.xml:18:17-69
38-->src\main\AndroidManifest.xml:18:25-66
39
40                <category android:name="android.intent.category.LAUNCHER" />
40-->src\main\AndroidManifest.xml:19:17-77
40-->src\main\AndroidManifest.xml:19:27-74
41            </intent-filter>
42        </activity>
43        <!-- Needs to be explicitly declared on P+ -->
44        <uses-library
44-->[com.google.android.gms:play-services-maps:17.0.0] AndroidManifest.xml:33:9-35:40
45            android:name="org.apache.http.legacy"
45-->[com.google.android.gms:play-services-maps:17.0.0] AndroidManifest.xml:34:13-50
46            android:required="false" />
46-->[com.google.android.gms:play-services-maps:17.0.0] AndroidManifest.xml:35:13-37
47
48        <activity
48-->[com.google.android.gms:play-services-base:17.0.0] AndroidManifest.xml:23:9-26:75
49            android:name="com.google.android.gms.common.api.GoogleApiActivity"
49-->[com.google.android.gms:play-services-base:17.0.0] AndroidManifest.xml:24:13-79
50            android:exported="false"
50-->[com.google.android.gms:play-services-base:17.0.0] AndroidManifest.xml:25:13-37
51            android:theme="@android:style/Theme.Translucent.NoTitleBar" />
51-->[com.google.android.gms:play-services-base:17.0.0] AndroidManifest.xml:26:13-72
52
53        <meta-data
53-->[com.google.android.gms:play-services-basement:17.0.0] AndroidManifest.xml:23:9-25:69
54            android:name="com.google.android.gms.version"
54-->[com.google.android.gms:play-services-basement:17.0.0] AndroidManifest.xml:24:13-58
55            android:value="@integer/google_play_services_version" />
55-->[com.google.android.gms:play-services-basement:17.0.0] AndroidManifest.xml:25:13-66
56    </application>
57
58</manifest>